"../../../Grapple/Content/Assets/Audio/BackgroundMusic/Next_to_You.uasset" 0
"../../../Grapple/Content/Assets/Backgrounds/Base/background0.uasset" 1
"../../../Grapple/Content/Assets/Backgrounds/Sprites/Background.uasset" 2
"../../../Grapple/Content/Assets/Backgrounds/Base/Black.uasset" 3
"../../../Grapple/Content/Assets/Backgrounds/Sprites/Black_Sprite.uasset" 4
"../../../Grapple/Content/Assets/Character/Sheets/Old_hero.uasset" 5
"../../../Grapple/Content/Assets/Character/Sheets/Old_hero_Sprite_0.uasset" 6
"../../../Grapple/Content/Assets/Character/Sheets/Old_hero_Sprite_1.uasset" 7
"../../../Grapple/Content/Assets/Character/Sheets/Old_hero_Sprite_12.uasset" 8
"../../../Grapple/Content/Assets/Character/Sheets/Old_hero_Sprite_14.uasset" 9
"../../../Grapple/Content/Assets/Character/Sheets/Old_hero_Sprite_15.uasset" 10
"../../../Grapple/Content/Assets/Character/Sheets/Old_hero_Sprite_16.uasset" 11
"../../../Grapple/Content/Assets/Character/Sheets/Old_hero_Sprite_17.uasset" 12
"../../../Grapple/Content/Assets/Character/Sheets/Old_hero_Sprite_18.uasset" 13
"../../../Grapple/Content/Assets/Character/Sheets/Old_hero_Sprite_19.uasset" 14
"../../../Grapple/Content/Assets/Character/Sheets/Old_hero_Sprite_2.uasset" 15
"../../../Grapple/Content/Assets/Character/Sheets/Old_hero_Sprite_20.uasset" 16
"../../../Grapple/Content/Assets/Character/Sheets/Old_hero_Sprite_21.uasset" 17
"../../../Grapple/Content/Assets/Character/Sheets/Old_hero_Sprite_22.uasset" 18
"../../../Grapple/Content/Assets/Character/Sheets/Old_hero_Sprite_23.uasset" 19
"../../../Grapple/Content/Assets/Character/Sheets/Old_hero_Sprite_24.uasset" 20
"../../../Grapple/Content/Assets/Character/Sheets/Old_hero_Sprite_25.uasset" 21
"../../../Grapple/Content/Assets/Character/Sheets/Old_hero_Sprite_26.uasset" 22
"../../../Grapple/Content/Assets/Character/Sheets/Old_hero_Sprite_27.uasset" 23
"../../../Grapple/Content/Assets/Character/Sheets/Old_hero_Sprite_28.uasset" 24
"../../../Grapple/Content/Assets/Character/Sheets/Old_hero_Sprite_29.uasset" 25
"../../../Grapple/Content/Assets/Character/Sheets/Old_hero_Sprite_3.uasset" 26
"../../../Grapple/Content/Assets/Character/Sheets/Old_hero_Sprite_4.uasset" 27
"../../../Grapple/Content/Assets/Character/Sheets/Old_hero_Sprite_5.uasset" 28
"../../../Engine/Plugins/2D/Paper2D/Content/DefaultSpriteMaterial.uasset" 29
"../../../Engine/Plugins/2D/Paper2D/Content/TranslucentUnlitSpriteMaterial.uasset" 30
"../../../Grapple/Content/Assets/Items/Sprites/coinGold.uasset" 31
"../../../Grapple/Content/Assets/Items/Sprites/coinGold_Sprite.uasset" 32
"../../../Grapple/Content/Assets/Items/Sprites/Gems.uasset" 33
"../../../Grapple/Content/Assets/Items/Sprites/Gems_Sprite_0.uasset" 34
"../../../Grapple/Content/Assets/Items/Sprites/Gems_Sprite_1.uasset" 35
"../../../Grapple/Content/Assets/Items/Sprites/Gems_Sprite_2.uasset" 36
"../../../Grapple/Content/Assets/Items/Sprites/Gems_Sprite_3.uasset" 37
"../../../Grapple/Content/Assets/Ledges/Tex/generic_platformer_tiles.uasset" 38
"../../../Grapple/Content/Assets/Ledges/Tex/generic_platformer_tiles_Ledge_2.uasset" 39
"../../../Grapple/Content/Assets/Ledges/Tex/generic_platformer_tiles_Sprite_2.uasset" 40
"../../../Grapple/Content/Assets/Ledges/Tex/generic_platformer_tiles_Sprite_5.uasset" 41
"../../../Grapple/Content/Assets/Ledges/Tex/generic_platformer_tiles_Sprite_6.uasset" 42
"../../../Grapple/Content/Assets/Testing/BaseBeam.uasset" 43
"../../../Grapple/Content/Assets/Testing/BeamPulse.uasset" 44
"../../../Grapple/Content/Assets/Testing/Beam.uasset" 45
"../../../Grapple/Content/Assets/Ledges/Sprites/box.uasset" 46
"../../../Grapple/Content/Assets/UMG/Touch.uasset" 47
"../../../Engine/Content/Functions/Engine_MaterialFunctions01/Opacity/CameraDepthFade.uasset" 48
"../../../Engine/Content/EngineMaterials/T_Default_Material_Grid_M.uasset" 49
"../../../Engine/Content/EngineMaterials/T_Default_Material_Grid_N.uasset" 50
"../../../Engine/Content/EngineMaterials/DefaultMaterial.uasset" 51
"../../../Engine/Content/BasicShapes/Cone.uasset" 52
"../../../Engine/Content/BasicShapes/Cylinder.uasset" 53
"../../../Engine/Content/EngineMaterials/WorldGridMaterial.uasset" 54
"../../../Engine/Content/BasicShapes/Plane.uasset" 55
"../../../Engine/Content/BasicShapes/Sphere.uasset" 56
"../../../Engine/Content/EditorLandscapeResources/DataLayer.uasset" 57
"../../../Engine/Content/EditorMaterials/GizmoMaterial.uasset" 58
"../../../Engine/Content/EditorMaterials/MAT_Groups_Toggle.uasset" 59
"../../../Engine/Content/EditorMaterials/MAT_Groups_Visibility.uasset" 60
"../../../Engine/Content/EditorMaterials/PreviewShadowIndicator.uasset" 61
"../../../Engine/Content/EditorMaterials/PreviewShadowIndicatorMaterial.uasset" 62
"../../../Engine/Content/EditorMaterials/MatineeGroups/MAT_ColorTrack.uasset" 63
"../../../Engine/Content/EditorMaterials/MatineeGroups/MAT_Groups_Anim.uasset" 64
"../../../Engine/Content/EditorMaterials/MatineeGroups/MAT_Groups_AudioMaster.uasset" 65
"../../../Engine/Content/EditorMaterials/MatineeGroups/MAT_Groups_Director.uasset" 66
"../../../Engine/Content/EditorMaterials/MatineeGroups/MAT_Groups_Event.uasset" 67
"../../../Engine/Content/EditorMaterials/MatineeGroups/MAT_Groups_Fade.uasset" 68
"../../../Engine/Content/EditorMaterials/MatineeGroups/MAT_Groups_Float.uasset" 69
"../../../Engine/Content/EditorMaterials/MatineeGroups/MAT_Groups_Move.uasset" 70
"../../../Engine/Content/EditorMaterials/MatineeGroups/MAT_Groups_Slomo.uasset" 71
"../../../Engine/Content/EditorMaterials/MatineeGroups/MAT_Groups_Sound.uasset" 72
"../../../Engine/Content/EditorMaterials/MatineeGroups/MAT_Groups_Vector.uasset" 73
"../../../Engine/Content/EditorMaterials/ParticleSystems/PSysThumbnail_NoImage.uasset" 74
"../../../Engine/Content/EditorMaterials/ParticleSystems/PSysThumbnail_OOD.uasset" 75
"../../../Engine/Content/EditorMaterials/Camera/CineMat.uasset" 76
"../../../Engine/Content/EditorMaterials/Camera/MI_CineMat_Rig.uasset" 77
"../../../Engine/Content/EditorMeshes/Camera/SM_CraneRig_Arm.uasset" 78
"../../../Engine/Content/EditorMeshes/Camera/SM_CraneRig_Base.uasset" 79
"../../../Engine/Content/EditorMeshes/Camera/SM_CraneRig_Body.uasset" 80
"../../../Engine/Content/EditorMeshes/Camera/SM_CraneRig_Mount.uasset" 81
"../../../Engine/Content/EditorMeshes/Camera/SM_RailRig_Mount.uasset" 82
"../../../Engine/Content/EditorMeshes/Camera/SM_RailRig_Track.uasset" 83
"../../../Engine/Content/EditorMeshes/ColorCalibrator/M_ChromeBall.uasset" 84
"../../../Engine/Content/EditorMeshes/ColorCalibrator/M_ClearCoat.uasset" 85
"../../../Engine/Content/EditorMeshes/ColorCalibrator/M_ClearCoatBlack.uasset" 86
"../../../Engine/Content/EditorMeshes/ColorCalibrator/Color_checker.uasset" 87
"../../../Engine/Content/EditorMeshes/ColorCalibrator/M_ColorGrid.uasset" 88
"../../../Engine/Content/EditorMeshes/ColorCalibrator/M_GreyBall.uasset" 89
"../../../Engine/Content/EditorMeshes/ColorCalibrator/SM_ColorCalibrator.uasset" 90
"../../../Engine/Content/EditorResources/BSPVertex.uasset" 91
"../../../Engine/Content/EditorResources/EmptyActor.uasset" 92
"../../../Engine/Content/EditorResources/S_Actor.uasset" 93
"../../../Engine/Content/EditorResources/S_Trigger.uasset" 94
"../../../Engine/Content/EditorResources/AudioIcons/S_AudioComponent_AutoActivate.uasset" 95
"../../../Engine/Content/EditorResources/LightIcons/S_LightError.uasset" 96
"../../../Engine/Content/EditorResources/SequenceRecorder/Countdown.uasset" 97
"../../../Engine/Content/EditorResources/SequenceRecorder/RecordingIndicator.uasset" 98
"../../../Engine/Content/EditorSounds/Notifications/CompileFailed.uasset" 99
"../../../Engine/Content/EditorSounds/Notifications/CompileFailed_Cue.uasset" 100
"../../../Engine/Content/EditorSounds/Notifications/CompileSuccess.uasset" 101
"../../../Engine/Content/EditorSounds/Notifications/CompileStart_Cue.uasset" 102
"../../../Engine/Content/EditorSounds/Notifications/CompileSuccess_Cue.uasset" 103
"../../../Engine/Content/EngineDamageTypes/DmgTypeBP_Environmental.uasset" 104
"../../../Engine/Content/EngineDebugMaterials/HeatmapGradient.uasset" 105
"../../../Engine/Content/EngineDebugMaterials/BoneWeightMaterial.uasset" 106
"../../../Engine/Content/EngineDebugMaterials/ClothMaterial.uasset" 107
"../../../Engine/Content/EngineDebugMaterials/ClothMaterial_WF.uasset" 108
"../../../Engine/Content/EngineDebugMaterials/DebugEditorMaterial.uasset" 109
"../../../Engine/Content/EngineDebugMaterials/DebugMeshMaterial.uasset" 110
"../../../Engine/Content/EngineDebugMaterials/GeomMaterial.uasset" 111
"../../../Engine/Content/EngineFonts/Faces/RobotoBold.uasset" 112
"../../../Engine/Content/EngineFonts/Faces/RobotoBoldItalic.uasset" 113
"../../../Engine/Content/EngineFonts/Faces/RobotoItalic.uasset" 114
"../../../Engine/Content/EngineFonts/Faces/RobotoLight.uasset" 115
"../../../Engine/Content/EngineFonts/Faces/RobotoRegular.uasset" 116
"../../../Engine/Content/EngineFonts/Roboto.uasset" 117
"../../../Engine/Content/EngineFonts/Faces/RobotoTiny.uasset" 118
"../../../Engine/Content/EngineFonts/RobotoTiny.uasset" 119
"../../../Engine/Content/EngineMaterials/DefaultBloomKernel.uasset" 120
"../../../Engine/Content/EngineMaterials/DefaultBokeh.uasset" 121
"../../../Engine/Content/EngineMaterials/DefaultDiffuse.uasset" 122
"../../../Engine/Content/EngineMaterials/DefaultDeferredDecalMaterial.uasset" 123
"../../../Engine/Content/EngineMaterials/DefaultLightFunctionMaterial.uasset" 124
"../../../Engine/Content/EngineMaterials/DefaultPhysicalMaterial.uasset" 125
"../../../Engine/Content/Functions/Engine_MaterialFunctions02/Utility/BreakOutFloat2Components.uasset" 126
"../../../Engine/Content/EngineMaterials/DefaultPostProcessMaterial.uasset" 127
"../../../Engine/Content/EngineFonts/RobotoDistanceField.uasset" 128
"../../../Engine/Content/EngineMaterials/DefaultTextMaterialOpaque.uasset" 129
"../../../Engine/Content/EngineMaterials/DefaultWhiteGrid.uasset" 130
"../../../Engine/Content/EngineMaterials/EditorBrushMaterial.uasset" 131
"../../../Engine/Content/EngineMaterials/Good64x64TilingNoiseHighFreq.uasset" 132
"../../../Engine/Content/EngineMaterials/MiniFont.uasset" 133
"../../../Engine/Content/EngineMaterials/InvalidLightmapSettings.uasset" 134
"../../../Engine/Content/EngineMaterials/M_InvalidLightmapSettings.uasset" 135
"../../../Engine/Content/Functions/Engine_MaterialFunctions02/WorldPositionOffset/CameraOffset.uasset" 136
"../../../Engine/Content/EngineMaterials/PhAT_JointLimitMaterial.uasset" 137
"../../../Engine/Content/EngineMaterials/PreintegratedSkinBRDF.uasset" 138
"../../../Engine/Content/EngineMaterials/RemoveSurfaceMaterial.uasset" 139
"../../../Engine/Content/EngineMaterials/WeightMapPlaceholderTexture.uasset" 140
"../../../Engine/Content/EngineResources/WhiteSquareTexture.uasset" 141
"../../../Engine/Content/EngineMaterials/Widget3DPassThrough.uasset" 142
"../../../Engine/Content/EngineMaterials/Widget3DPassThrough_Masked.uasset" 143
"../../../Engine/Content/EngineMaterials/Widget3DPassThrough_Opaque.uasset" 144
"../../../Engine/Content/EngineMaterials/Widget3DPassThrough_Masked_OneSided.uasset" 145
"../../../Engine/Content/EngineMaterials/Widget3DPassThrough_Opaque_OneSided.uasset" 146
"../../../Engine/Content/EngineMaterials/Widget3DPassThrough_Translucent.uasset" 147
"../../../Engine/Content/EngineMaterials/Widget3DPassThrough_Translucent_OneSided.uasset" 148
"../../../Engine/Content/EngineMeshes/Cube.uasset" 149
"../../../Engine/Content/EngineMeshes/Cylinder.uasset" 150
"../../../Engine/Content/EngineMeshes/Sphere.uasset" 151
"../../../Engine/Content/EngineResources/Black.uasset" 152
"../../../Engine/Content/EngineResources/DefaultTexture.uasset" 153
"../../../Engine/Content/EngineResources/DefaultTextureCube.uasset" 154
"../../../Engine/Content/EngineResources/GradientTexture0.uasset" 155
"../../../Engine/Content/EngineSounds/Master.uasset" 156
"../../../Engine/Content/Functions/Engine_MaterialFunctions01/Shading/ConvertFromDiffSpec.uasset" 157
"../../../Engine/Content/Functions/Engine_MaterialFunctions01/Shading/PowerToRoughness.uasset" 158
"../../../Engine/Content/Maps/Templates/Thumbnails/Default.uasset" 159
"../../../Engine/Content/Maps/Templates/Thumbnails/VR-Basic.uasset" 160
"../../../Engine/Content/MobileResources/T_MobileControls_texture.uasset" 161
"../../../Engine/Content/MobileResources/T_MobileMenu2.uasset" 162
"../../../Engine/Content/MobileResources/HUD/AnalogHat.uasset" 163
"../../../Engine/Content/MobileResources/HUD/VirtualJoystick_Background.uasset" 164
"../../../Engine/Content/MobileResources/HUD/VirtualJoystick_Thumb.uasset" 165
"../../../Engine/Content/MobileResources/HUD/DefaultVirtualJoysticks.uasset" 166
"../../../Engine/Content/MobileResources/HUD/LeftVirtualJoystickOnly.uasset" 167
"../../../Engine/Content/MobileResources/HUD/MobileHUDButton1_off.uasset" 168
"../../../Engine/Content/MobileResources/HUD/MobileHUDButton1_on.uasset" 169
"../../../Engine/Content/MobileResources/HUD/MobileHUDButton2_off.uasset" 170
"../../../Engine/Content/MobileResources/HUD/MobileHUDButton2_on.uasset" 171
"../../../Engine/Content/MobileResources/HUD/MobileHUDButton3.uasset" 172
"../../../Engine/Content/MobileResources/HUD/MobileHUDButtonFire.uasset" 173
"../../../Engine/Content/MobileResources/HUD/MobileHUDDirectionPad.uasset" 174
"../../../Engine/Content/MobileResources/HUD/MobileHUDDirectionPad2.uasset" 175
"../../../Engine/Content/MobileResources/HUD/MobileHUDDirectionPad3.uasset" 176
"../../../Engine/Content/MobileResources/HUD/MobileHUDDirectionStick.uasset" 177
"../../../Engine/Content/MobileResources/HUD/T_Castle_ThumbstickInner.uasset" 178
"../../../Engine/Content/MobileResources/HUD/T_Castle_ThumbstickOutter.uasset" 179
"../../../Engine/Content/Tutorial/ContentIntroCurve.uasset" 180
"../../../Engine/Content/Tutorial/Basics/TutorialAssets/icon_tab_Levels_40x.uasset" 181
"../../../Engine/Content/Tutorial/BlueprintTutorials/TutorialAssets/BlueprintInterface_64x.uasset" 182
"../../../Engine/Content/Tutorial/BlueprintTutorials/TutorialAssets/BlueprintMacroLibrary_64x.uasset" 183
"../../../Engine/Content/Tutorial/BlueprintTutorials/TutorialAssets/Blueprint_64x.uasset" 184
"../../../Engine/Content/Tutorial/BlueprintTutorials/TutorialAssets/Tutorial_BP_Interface.uasset" 185
"../../../Engine/Content/Tutorial/Foliage/TutorialAssets/Foliage.uasset" 186
"../../../Engine/Content/Tutorial/Landscape/TutorialAssets/Landscape.uasset" 187
"../../../Engine/Content/Tutorial/Mobile/TutorialAssets/android_Icon.uasset" 188
"../../../Engine/Content/Tutorial/Paper2D/TutorialAssets/Paper2DFlipbook_TutorialIcon.uasset" 189
"../../../Engine/Content/Tutorial/Paper2D/TutorialAssets/Paper2DSprite_TutorialIcon.uasset" 190
"../../../Engine/Content/Tutorial/SubEditors/TutorialAssets/icon_Editor_Preferences_General_40x.uasset" 191
"../../../Engine/Content/Tutorial/SubEditors/TutorialAssets/icon_ShowSkeletalMeshes_40x.uasset" 192
"../../../Engine/Content/Tutorial/SubEditors/TutorialAssets/TutorialMaterial.uasset" 193
"../../../Engine/Content/Tutorial/SubEditors/TutorialAssets/T_SmokeSubUV_8X8.uasset" 194
"../../../Engine/Content/Tutorial/SubEditors/TutorialAssets/T_soft_smoke.uasset" 195
"../../../Engine/Content/Tutorial/SubEditors/TutorialAssets/M_smoke_subUV_blackbody.uasset" 196
"../../../Engine/Content/Tutorial/SubEditors/TutorialAssets/TutorialParticleSystem.uasset" 197
"../../../Engine/Content/VREditor/Devices/Generic/GenericHMDMaterial.uasset" 198
"../../../Engine/Content/VREditor/Devices/Generic/GenericHMD.uasset" 199
"../../../Engine/Content/VREditor/FloatingText/LineMaterial.uasset" 200
"../../../Engine/Content/VREditor/FloatingText/JointSphere.uasset" 201
"../../../Engine/Content/VREditor/FloatingText/LineSegmentCylinder.uasset" 202
"../../../Engine/Content/VREditor/Fonts/VRText_RobotoLarge.uasset" 203
"../../../Engine/Content/VREditor/Fonts/VRTextMaterial.uasset" 204
"../../../Engine/Content/VREditor/Fonts/TranslucentVRTextMaterial.uasset" 205
"../../../Engine/Content/VREditor/LaserPointer/CursorPointer.uasset" 206
"../../../Engine/Content/VREditor/LaserPointer/VR_LaserPower_01.uasset" 207
"../../../Engine/Content/VREditor/TransformGizmo/TransformGizmoMaterial.uasset" 208
"../../../Engine/Content/VREditor/LaserPointer/HoverMaterial.uasset" 209
"../../../Engine/Content/VREditor/TransformGizmo/TranslucentTransformGizmoMaterial.uasset" 210
"../../../Engine/Content/VREditor/LaserPointer/TranslucentHoverMaterial.uasset" 211
"../../../Engine/Content/VREditor/LaserPointer/HoverMesh.uasset" 212
"../../../Engine/Content/VREditor/LaserPointer/LaserPointerMaterial.uasset" 213
"../../../Engine/Content/VREditor/LaserPointer/LaserPointerMaterialInst.uasset" 214
"../../../Engine/Content/VREditor/LaserPointer/TranslucentLaserPointerMaterialInst.uasset" 215
"../../../Engine/Content/VREditor/LaserPointer/LaserPointerMesh.uasset" 216
"../../../Engine/Content/VREditor/LaserPointer/LaserPointerMesh_End.uasset" 217
"../../../Engine/Content/VREditor/LaserPointer/LaserPointerMesh_Start.uasset" 218
"../../../Engine/Content/Functions/Engine_MaterialFunctions02/Utility/BreakOutFloat3Components.uasset" 219
"../../../Engine/Content/Functions/Engine_MaterialFunctions02/Math/Transform3x3Matrix.uasset" 220
"../../../Engine/Content/Functions/Engine_MaterialFunctions02/SplitComponents.uasset" 221
"../../../Engine/Content/Functions/Engine_MaterialFunctions02/Utility/MakeFloat3.uasset" 222
"../../../Engine/Content/VREditor/SnapGrid/SnapGridMaterial.uasset" 223
"../../../Engine/Content/VREditor/SnapGrid/SnapGridPlaneMesh.uasset" 224
"../../../Engine/Content/VREditor/Sounds/VR_teleport.uasset" 225
"../../../Engine/Content/VREditor/Sounds/UI/Click_on_Button_Cue.uasset" 226
"../../../Engine/Content/VREditor/Sounds/UI/Dockable_Window_Close.uasset" 227
"../../../Engine/Content/VREditor/Sounds/UI/Dockable_Window_Drop.uasset" 228
"../../../Engine/Content/VREditor/Sounds/UI/Dockable_Window_Open.uasset" 229
"../../../Engine/Content/VREditor/Sounds/UI/Dockable_Window_Pick_Up.uasset" 230
"../../../Engine/Content/VREditor/Sounds/UI/Drop_Item_From_ContentBrowser.uasset" 231
"../../../Engine/Content/VREditor/Sounds/UI/Floating_UI_Open-001.uasset" 232
"../../../Engine/Content/VREditor/Sounds/UI/Gizmo_Handle_Clicked.uasset" 233
"../../../Engine/Content/VREditor/Sounds/UI/Object_PickUp.uasset" 234
"../../../Engine/Content/VREditor/Sounds/UI/Object_Snaps_To_Another_Actor.uasset" 235
"../../../Engine/Content/VREditor/Sounds/UI/Object_Snaps_To_Grid.uasset" 236
"../../../Engine/Content/VREditor/Sounds/UI/Radial_Menu_FadeOut.uasset" 237
"../../../Engine/Content/VREditor/Sounds/UI/Scaling_Down.uasset" 238
"../../../Engine/Content/VREditor/Sounds/UI/Scaling_Up.uasset" 239
"../../../Engine/Content/VREditor/Sounds/UI/Selection_Changes.uasset" 240
"../../../Engine/Content/VREditor/Sounds/UI/Teleport_Mode_Entered.uasset" 241
"../../../Engine/Content/VREditor/Teleport/TeleportDirectionMaterial.uasset" 242
"../../../Engine/Content/VREditor/Teleport/TeleportDirectionMaterial_Inst.uasset" 243
"../../../Engine/Content/VREditor/Teleport/TeleportDirectionMesh.uasset" 244
"../../../Engine/Content/VREditor/TransformGizmo/BoundingBoxCorner.uasset" 245
"../../../Engine/Content/VREditor/TransformGizmo/BoundingBoxEdge.uasset" 246
"../../../Engine/Content/VREditor/TransformGizmo/PlaneTranslationHandle.uasset" 247
"../../../Engine/Content/VREditor/TransformGizmo/RotationHandleFull.uasset" 248
"../../../Engine/Content/VREditor/TransformGizmo/RotationHandleIndicator.uasset" 249
"../../../Engine/Content/VREditor/TransformGizmo/RotationHandleQuarter.uasset" 250
"../../../Engine/Content/VREditor/TransformGizmo/Main.uasset" 251
"../../../Engine/Content/VREditor/TransformGizmo/Xray.uasset" 252
"../../../Engine/Content/VREditor/TransformGizmo/SM_Dialog_Close.uasset" 253
"../../../Engine/Content/VREditor/TransformGizmo/SM_Dialog_Move.uasset" 254
"../../../Engine/Content/VREditor/TransformGizmo/SM_Sequencer_Key.uasset" 255
"../../../Engine/Content/VREditor/TransformGizmo/SM_Sequencer_Node.uasset" 256
"../../../Engine/Content/VREditor/TransformGizmo/StartRotationHandleIndicator.uasset" 257
"../../../Engine/Content/VREditor/TransformGizmo/TranslucentTransformGizmoMaterial_Inst.uasset" 258
"../../../Engine/Content/VREditor/TransformGizmo/TransformGizmoFreeRotation.uasset" 259
"../../../Engine/Content/VREditor/TransformGizmo/TransformGizmoMaterial_Inst.uasset" 260
"../../../Engine/Content/VREditor/TransformGizmo/TranslateArrowHandle.uasset" 261
"../../../Engine/Content/VREditor/TransformGizmo/UniformScaleHandle.uasset" 262
"../../../Engine/Content/VREditor/UI/KeyDiskMaterial.uasset" 263
"../../../Engine/Content/VREditor/UI/DiscMaterial.uasset" 264
"../../../Engine/Content/VREditor/UI/SM_Radial_Disk.uasset" 265
"../../../Engine/Content/Functions/Engine_MaterialFunctions01/Gradient/RadialGradient.uasset" 266
"../../../Engine/Content/VREditor/WorldMovementGrid/SimpleGrid.uasset" 267
"../../../Engine/Content/VREditor/WorldMovementGrid/GridMaterial.uasset" 268
"../../../Engine/Content/Functions/Engine_MaterialFunctions01/Density/ExponentialDensity.uasset" 269
"../../../Engine/Content/VREditor/WorldMovementGrid/GridPostProcess.uasset" 270
"../../../Engine/Content/EditorLandscapeResources/FlattenHeightMat.uasset" 271
"../../../Engine/Content/VREditor/WorldMovementGrid/PlaneMesh.uasset" 272
"../../../Engine/Plugins/2D/Paper2D/Content/PlaceholderTextures/DummySpriteTexture.uasset" 273
"../../../Engine/Plugins/2D/Paper2D/Content/DummySprite.uasset" 274
"../../../Engine/Plugins/2D/Paper2D/Content/DefaultPaperTerrainMaterial.uasset" 275
"../../../Engine/Plugins/2D/Paper2D/Content/MaskedUnlitSpriteMaterial.uasset" 276
"../../../Engine/Plugins/2D/Paper2D/Content/OpaqueUnlitSpriteMaterial.uasset" 277
"../../../Engine/Plugins/Media/MediaCompositing/Content/DefaultMediaPlaneMaterial.uasset" 278
"../../../Engine/Content/Functions/Engine_MaterialFunctions02/Utility/MakeFloat4.uasset" 279
"../../../Engine/Plugins/Runtime/AppleARKit/Content/ARKitCameraMaterial.uasset" 280
"../../../Engine/Plugins/Runtime/Oculus/OculusVR/Content/Textures/GearVRController_AO.uasset" 281
"../../../Engine/Plugins/Runtime/Oculus/OculusVR/Content/Textures/GearVRController_Color.uasset" 282
"../../../Engine/Plugins/Runtime/Oculus/OculusVR/Content/Textures/GearVRController_Normal.uasset" 283
"../../../Engine/Plugins/Runtime/Oculus/OculusVR/Content/Materials/GearVRControllerMaterial.uasset" 284
"../../../Engine/Plugins/Runtime/Oculus/OculusVR/Content/Meshes/GearVrController.uasset" 285
"../../../Engine/Content/EditorBlueprintResources/StandardMacros.uasset" 286
"../../../Engine/Content/BasicShapes/BasicShapeMaterial.uasset" 287
"../../../Engine/Content/BasicShapes/Cube.uasset" 288
"../../../Grapple/Content/Assets/Other/HitPoint.uasset" 289
"../../../Grapple/Content/Assets/Items/Textures/rope_texutre.uasset" 290
"../../../Grapple/Content/Assets/Items/Textures/Rope.uasset" 291
"../../../Grapple/Content/Assets/Audio/BackgroundMusic/SFX_Jump_03.uasset" 292
"../../../Grapple/Content/Assets/Backgrounds/Sprites/background0_Sprite.uasset" 293
"../../../Grapple/Content/Assets/Character/Sheets/Old_hero_Sprite_10.uasset" 294
"../../../Grapple/Content/Assets/Character/Sheets/Old_hero_Sprite_11.uasset" 295
"../../../Grapple/Content/Assets/Character/Sheets/Old_hero_Sprite_13.uasset" 296
"../../../Grapple/Content/Assets/Character/Sheets/Old_hero_Sprite_6.uasset" 297
"../../../Grapple/Content/Assets/Character/Sheets/Old_hero_Sprite_7.uasset" 298
"../../../Grapple/Content/Assets/Character/Sheets/Old_hero_Sprite_8.uasset" 299
"../../../Grapple/Content/Assets/Character/Sheets/Old_hero_Sprite_9.uasset" 300
"../../../Grapple/Content/Assets/Character/Sheets/run.uasset" 301
"../../../Grapple/Content/Assets/Character/GrappleCharacter.uasset" 302
"../../../Grapple/Content/Assets/Backgrounds/Base/DeathScreen.uasset" 303
"../../../Grapple/Content/Assets/UMG/DeathScreen.uasset" 304
"../../../Grapple/Content/Level/Deathscreen.umap" 305
"../../../Engine/Content/EngineSky/C_Sky_Cloud_Color.uasset" 306
"../../../Engine/Content/EngineSky/C_Sky_Horizon_Color.uasset" 307
"../../../Engine/Content/EngineSky/C_Sky_Zenith_Color.uasset" 308
"../../../Engine/Content/EngineSky/T_Sky_Blue.uasset" 309
"../../../Engine/Content/EngineSky/T_Sky_Clouds_M.uasset" 310
"../../../Engine/Content/EngineSky/T_Sky_Stars.uasset" 311
"../../../Engine/Content/EngineSky/M_Sky_Panning_Clouds2.uasset" 312
"../../../Engine/Content/EngineSky/SM_SkySphere.uasset" 313
"../../../Engine/Content/EngineSky/BP_Sky_Sphere.uasset" 314
"../../../Grapple/Content/Assets/Audio/Sounds/CoinSoundEffect.uasset" 315
"../../../Grapple/Content/Assets/Items/Sprites/Gems_Sprite_4.uasset" 316
"../../../Grapple/Content/Assets/Items/BP_Item.uasset" 317
"../../../Grapple/Content/Assets/Ledges/Sprites/box_Sprite.uasset" 318
"../../../Grapple/Content/Assets/Ledges/Tex/generic_platformer_tiles_Ledge_0.uasset" 319
"../../../Grapple/Content/Assets/Ledges/Tex/generic_platformer_tiles_Ledge_1.uasset" 320
"../../../Grapple/Content/Assets/Ledges/Tex/generic_platformer_tiles_Ledge_3.uasset" 321
"../../../Grapple/Content/Assets/Ledges/Tex/generic_platformer_tiles_Ledge_4.uasset" 322
"../../../Grapple/Content/Assets/Ledges/Tex/generic_platformer_tiles_Ledge_5.uasset" 323
"../../../Grapple/Content/Assets/Ledges/Tex/generic_platformer_tiles_Sprite_0.uasset" 324
"../../../Grapple/Content/Assets/Ledges/Tex/generic_platformer_tiles_Sprite_1.uasset" 325
"../../../Grapple/Content/Assets/Ledges/Tex/generic_platformer_tiles_Sprite_3.uasset" 326
"../../../Grapple/Content/Assets/Ledges/Tex/generic_platformer_tiles_Sprite_4.uasset" 327
"../../../Grapple/Content/Assets/Ledges/Tex/generic_platformer_tiles_Sprite_7.uasset" 328
"../../../Grapple/Content/Assets/Ledges/Tex/generic_platformer_tiles_Sprite_8.uasset" 329
"../../../Grapple/Content/Assets/Ledges/Platform1.uasset" 330
"../../../Grapple/Content/Assets/Ledges/Platform2.uasset" 331
"../../../Grapple/Content/Assets/UMG/Buttons/HOME.uasset" 332
"../../../Grapple/Content/Assets/UMG/Buttons/Restart.uasset" 333
"../../../Grapple/Content/Assets/UMG/GrappleHUD.uasset" 334
"../../../Grapple/Content/Assets/GrappleGamemode.uasset" 335
"../../../Grapple/Content/Assets/Other/KillVolumeZ.uasset" 336
"../../../Grapple/Content/Level/Level_BuiltData.uasset" 337
"../../../Grapple/Content/Assets/Audio/BackgroundMusic/Grasslands_Theme.uasset" 338
"../../../Grapple/Content/Assets/Audio/BackgroundMusic/BackgroundMusic.uasset" 339
"../../../Grapple/Content/Level/Level.umap" 340
"../../../Grapple/Content/Assets/Audio/BackgroundMusic/Intro_Theme.uasset" 341
"../../../Grapple/Content/Assets/Audio/BackgroundMusic/BackgroundMenu.uasset" 342
"../../../Grapple/Content/Assets/Backgrounds/Base/backgrounder.uasset" 343
"../../../Grapple/Content/Assets/UMG/Menu.uasset" 344
"../../../Grapple/Content/Level/Menu.umap" 345
"../../../Engine/Content/Maps/Entry.umap" 346
